-------------------------------------------------------------------------------
Test set: com.bestbuy.bestbuyinfo.CreateProductDataDrivenTest
-------------------------------------------------------------------------------
Tests run: 20, Failures: 0, Errors: 20, Skipped: 0, Time elapsed: 15.945 sec <<< FAILURE! - in com.bestbuy.bestbuyinfo.CreateProductDataDrivenTest
createMultipleProducts[10](com.bestbuy.bestbuyinfo.CreateProductDataDrivenTest)  Time elapsed: 8.93 sec  <<< ERROR!
java.lang.NullPointerException: null
	at io.restassured.internal.print.ResponsePrinter.print(ResponsePrinter.java:46)
	at io.restassured.internal.ValidatableResponseOptionsImpl.logResponse(ValidatableResponseOptionsImpl.java:423)
	at io.restassured.internal.ValidatableResponseOptionsImpl.logResponse(ValidatableResponseOptionsImpl.java:419)
	at io.restassured.internal.ValidatableResponseOptionsImpl.logResponse(ValidatableResponseOptionsImpl.java:415)
	at io.restassured.internal.ValidatableResponseOptionsImpl.all(ValidatableResponseOptionsImpl.java:371)
	at com.bestbuy.bestbuyinfo.CreateProductDataDrivenTest.createMultipleProducts(CreateProductDataDrivenTest.java:36)

createMultipleProducts[12](com.bestbuy.bestbuyinfo.CreateProductDataDrivenTest)  Time elapsed: 8.931 sec  <<< ERROR!
java.lang.NullPointerException: null
	at io.restassured.internal.print.ResponsePrinter.print(ResponsePrinter.java:46)
	at io.restassured.internal.ValidatableResponseOptionsImpl.logResponse(ValidatableResponseOptionsImpl.java:423)
	at io.restassured.internal.ValidatableResponseOptionsImpl.logResponse(ValidatableResponseOptionsImpl.java:419)
	at io.restassured.internal.ValidatableResponseOptionsImpl.logResponse(ValidatableResponseOptionsImpl.java:415)
	at io.restassured.internal.ValidatableResponseOptionsImpl.all(ValidatableResponseOptionsImpl.java:371)
	at com.bestbuy.bestbuyinfo.CreateProductDataDrivenTest.createMultipleProducts(CreateProductDataDrivenTest.java:36)

createMultipleProducts[14](com.bestbuy.bestbuyinfo.CreateProductDataDrivenTest)  Time elapsed: 8.932 sec  <<< ERROR!
java.lang.NullPointerException: null
	at io.restassured.internal.print.ResponsePrinter.print(ResponsePrinter.java:46)
	at io.restassured.internal.ValidatableResponseOptionsImpl.logResponse(ValidatableResponseOptionsImpl.java:423)
	at io.restassured.internal.ValidatableResponseOptionsImpl.logResponse(ValidatableResponseOptionsImpl.java:419)
	at io.restassured.internal.ValidatableResponseOptionsImpl.logResponse(ValidatableResponseOptionsImpl.java:415)
	at io.restassured.internal.ValidatableResponseOptionsImpl.all(ValidatableResponseOptionsImpl.java:371)
	at com.bestbuy.bestbuyinfo.CreateProductDataDrivenTest.createMultipleProducts(CreateProductDataDrivenTest.java:36)

createMultipleProducts[1](com.bestbuy.bestbuyinfo.CreateProductDataDrivenTest)  Time elapsed: 8.934 sec  <<< ERROR!
java.lang.NullPointerException: null
	at io.restassured.internal.print.ResponsePrinter.print(ResponsePrinter.java:46)
	at io.restassured.internal.ValidatableResponseOptionsImpl.logResponse(ValidatableResponseOptionsImpl.java:423)
	at io.restassured.internal.ValidatableResponseOptionsImpl.logResponse(ValidatableResponseOptionsImpl.java:419)
	at io.restassured.internal.ValidatableResponseOptionsImpl.logResponse(ValidatableResponseOptionsImpl.java:415)
	at io.restassured.internal.ValidatableResponseOptionsImpl.all(ValidatableResponseOptionsImpl.java:371)
	at com.bestbuy.bestbuyinfo.CreateProductDataDrivenTest.createMultipleProducts(CreateProductDataDrivenTest.java:36)

createMultipleProducts[9](com.bestbuy.bestbuyinfo.CreateProductDataDrivenTest)  Time elapsed: 8.934 sec  <<< ERROR!
java.lang.NullPointerException: null
	at io.restassured.internal.print.ResponsePrinter.print(ResponsePrinter.java:46)
	at io.restassured.internal.ValidatableResponseOptionsImpl.logResponse(ValidatableResponseOptionsImpl.java:423)
	at io.restassured.internal.ValidatableResponseOptionsImpl.logResponse(ValidatableResponseOptionsImpl.java:419)
	at io.restassured.internal.ValidatableResponseOptionsImpl.logResponse(ValidatableResponseOptionsImpl.java:415)
	at io.restassured.internal.ValidatableResponseOptionsImpl.all(ValidatableResponseOptionsImpl.java:371)
	at com.bestbuy.bestbuyinfo.CreateProductDataDrivenTest.createMultipleProducts(CreateProductDataDrivenTest.java:36)

createMultipleProducts[7](com.bestbuy.bestbuyinfo.CreateProductDataDrivenTest)  Time elapsed: 8.934 sec  <<< ERROR!
java.lang.NullPointerException: null
	at io.restassured.internal.print.ResponsePrinter.print(ResponsePrinter.java:46)
	at io.restassured.internal.ValidatableResponseOptionsImpl.logResponse(ValidatableResponseOptionsImpl.java:423)
	at io.restassured.internal.ValidatableResponseOptionsImpl.logResponse(ValidatableResponseOptionsImpl.java:419)
	at io.restassured.internal.ValidatableResponseOptionsImpl.logResponse(ValidatableResponseOptionsImpl.java:415)
	at io.restassured.internal.ValidatableResponseOptionsImpl.all(ValidatableResponseOptionsImpl.java:371)
	at com.bestbuy.bestbuyinfo.CreateProductDataDrivenTest.createMultipleProducts(CreateProductDataDrivenTest.java:36)

createMultipleProducts[13](com.bestbuy.bestbuyinfo.CreateProductDataDrivenTest)  Time elapsed: 8.934 sec  <<< ERROR!
java.lang.NullPointerException: null
	at io.restassured.internal.print.ResponsePrinter.print(ResponsePrinter.java:46)
	at io.restassured.internal.ValidatableResponseOptionsImpl.logResponse(ValidatableResponseOptionsImpl.java:423)
	at io.restassured.internal.ValidatableResponseOptionsImpl.logResponse(ValidatableResponseOptionsImpl.java:419)
	at io.restassured.internal.ValidatableResponseOptionsImpl.logResponse(ValidatableResponseOptionsImpl.java:415)
	at io.restassured.internal.ValidatableResponseOptionsImpl.all(ValidatableResponseOptionsImpl.java:371)
	at com.bestbuy.bestbuyinfo.CreateProductDataDrivenTest.createMultipleProducts(CreateProductDataDrivenTest.java:36)

createMultipleProducts[11](com.bestbuy.bestbuyinfo.CreateProductDataDrivenTest)  Time elapsed: 8.934 sec  <<< ERROR!
java.lang.NullPointerException: null
	at io.restassured.internal.print.ResponsePrinter.print(ResponsePrinter.java:46)
	at io.restassured.internal.ValidatableResponseOptionsImpl.logResponse(ValidatableResponseOptionsImpl.java:423)
	at io.restassured.internal.ValidatableResponseOptionsImpl.logResponse(ValidatableResponseOptionsImpl.java:419)
	at io.restassured.internal.ValidatableResponseOptionsImpl.logResponse(ValidatableResponseOptionsImpl.java:415)
	at io.restassured.internal.ValidatableResponseOptionsImpl.all(ValidatableResponseOptionsImpl.java:371)
	at com.bestbuy.bestbuyinfo.CreateProductDataDrivenTest.createMultipleProducts(CreateProductDataDrivenTest.java:36)

createMultipleProducts[15](com.bestbuy.bestbuyinfo.CreateProductDataDrivenTest)  Time elapsed: 8.935 sec  <<< ERROR!
java.lang.NullPointerException: null
	at io.restassured.internal.print.ResponsePrinter.print(ResponsePrinter.java:46)
	at io.restassured.internal.ValidatableResponseOptionsImpl.logResponse(ValidatableResponseOptionsImpl.java:423)
	at io.restassured.internal.ValidatableResponseOptionsImpl.logResponse(ValidatableResponseOptionsImpl.java:419)
	at io.restassured.internal.ValidatableResponseOptionsImpl.logResponse(ValidatableResponseOptionsImpl.java:415)
	at io.restassured.internal.ValidatableResponseOptionsImpl.all(ValidatableResponseOptionsImpl.java:371)
	at com.bestbuy.bestbuyinfo.CreateProductDataDrivenTest.createMultipleProducts(CreateProductDataDrivenTest.java:36)

createMultipleProducts[2](com.bestbuy.bestbuyinfo.CreateProductDataDrivenTest)  Time elapsed: 8.935 sec  <<< ERROR!
java.lang.NullPointerException: null
	at io.restassured.internal.print.ResponsePrinter.print(ResponsePrinter.java:46)
	at io.restassured.internal.ValidatableResponseOptionsImpl.logResponse(ValidatableResponseOptionsImpl.java:423)
	at io.restassured.internal.ValidatableResponseOptionsImpl.logResponse(ValidatableResponseOptionsImpl.java:419)
	at io.restassured.internal.ValidatableResponseOptionsImpl.logResponse(ValidatableResponseOptionsImpl.java:415)
	at io.restassured.internal.ValidatableResponseOptionsImpl.all(ValidatableResponseOptionsImpl.java:371)
	at com.bestbuy.bestbuyinfo.CreateProductDataDrivenTest.createMultipleProducts(CreateProductDataDrivenTest.java:36)

createMultipleProducts[5](com.bestbuy.bestbuyinfo.CreateProductDataDrivenTest)  Time elapsed: 8.937 sec  <<< ERROR!
java.lang.NullPointerException: null
	at io.restassured.internal.print.ResponsePrinter.print(ResponsePrinter.java:46)
	at io.restassured.internal.ValidatableResponseOptionsImpl.logResponse(ValidatableResponseOptionsImpl.java:423)
	at io.restassured.internal.ValidatableResponseOptionsImpl.logResponse(ValidatableResponseOptionsImpl.java:419)
	at io.restassured.internal.ValidatableResponseOptionsImpl.logResponse(ValidatableResponseOptionsImpl.java:415)
	at io.restassured.internal.ValidatableResponseOptionsImpl.all(ValidatableResponseOptionsImpl.java:371)
	at com.bestbuy.bestbuyinfo.CreateProductDataDrivenTest.createMultipleProducts(CreateProductDataDrivenTest.java:36)

createMultipleProducts[8](com.bestbuy.bestbuyinfo.CreateProductDataDrivenTest)  Time elapsed: 9.064 sec  <<< ERROR!
java.lang.NullPointerException: null
	at io.restassured.internal.print.ResponsePrinter.print(ResponsePrinter.java:46)
	at io.restassured.internal.ValidatableResponseOptionsImpl.logResponse(ValidatableResponseOptionsImpl.java:423)
	at io.restassured.internal.ValidatableResponseOptionsImpl.logResponse(ValidatableResponseOptionsImpl.java:419)
	at io.restassured.internal.ValidatableResponseOptionsImpl.logResponse(ValidatableResponseOptionsImpl.java:415)
	at io.restassured.internal.ValidatableResponseOptionsImpl.all(ValidatableResponseOptionsImpl.java:371)
	at com.bestbuy.bestbuyinfo.CreateProductDataDrivenTest.createMultipleProducts(CreateProductDataDrivenTest.java:36)

createMultipleProducts[6](com.bestbuy.bestbuyinfo.CreateProductDataDrivenTest)  Time elapsed: 9.066 sec  <<< ERROR!
java.lang.NullPointerException: null
	at io.restassured.internal.print.ResponsePrinter.print(ResponsePrinter.java:46)
	at io.restassured.internal.ValidatableResponseOptionsImpl.logResponse(ValidatableResponseOptionsImpl.java:423)
	at io.restassured.internal.ValidatableResponseOptionsImpl.logResponse(ValidatableResponseOptionsImpl.java:419)
	at io.restassured.internal.ValidatableResponseOptionsImpl.logResponse(ValidatableResponseOptionsImpl.java:415)
	at io.restassured.internal.ValidatableResponseOptionsImpl.all(ValidatableResponseOptionsImpl.java:371)
	at com.bestbuy.bestbuyinfo.CreateProductDataDrivenTest.createMultipleProducts(CreateProductDataDrivenTest.java:36)

createMultipleProducts[4](com.bestbuy.bestbuyinfo.CreateProductDataDrivenTest)  Time elapsed: 9.069 sec  <<< ERROR!
java.lang.NullPointerException: null
	at io.restassured.internal.print.ResponsePrinter.print(ResponsePrinter.java:46)
	at io.restassured.internal.ValidatableResponseOptionsImpl.logResponse(ValidatableResponseOptionsImpl.java:423)
	at io.restassured.internal.ValidatableResponseOptionsImpl.logResponse(ValidatableResponseOptionsImpl.java:419)
	at io.restassured.internal.ValidatableResponseOptionsImpl.logResponse(ValidatableResponseOptionsImpl.java:415)
	at io.restassured.internal.ValidatableResponseOptionsImpl.all(ValidatableResponseOptionsImpl.java:371)
	at com.bestbuy.bestbuyinfo.CreateProductDataDrivenTest.createMultipleProducts(CreateProductDataDrivenTest.java:36)

createMultipleProducts[3](com.bestbuy.bestbuyinfo.CreateProductDataDrivenTest)  Time elapsed: 9.069 sec  <<< ERROR!
java.lang.NullPointerException: null
	at io.restassured.internal.print.ResponsePrinter.print(ResponsePrinter.java:46)
	at io.restassured.internal.ValidatableResponseOptionsImpl.logResponse(ValidatableResponseOptionsImpl.java:423)
	at io.restassured.internal.ValidatableResponseOptionsImpl.logResponse(ValidatableResponseOptionsImpl.java:419)
	at io.restassured.internal.ValidatableResponseOptionsImpl.logResponse(ValidatableResponseOptionsImpl.java:415)
	at io.restassured.internal.ValidatableResponseOptionsImpl.all(ValidatableResponseOptionsImpl.java:371)
	at com.bestbuy.bestbuyinfo.CreateProductDataDrivenTest.createMultipleProducts(CreateProductDataDrivenTest.java:36)

createMultipleProducts[0](com.bestbuy.bestbuyinfo.CreateProductDataDrivenTest)  Time elapsed: 9.069 sec  <<< ERROR!
java.lang.NullPointerException: null
	at io.restassured.internal.print.ResponsePrinter.print(ResponsePrinter.java:46)
	at io.restassured.internal.ValidatableResponseOptionsImpl.logResponse(ValidatableResponseOptionsImpl.java:423)
	at io.restassured.internal.ValidatableResponseOptionsImpl.logResponse(ValidatableResponseOptionsImpl.java:419)
	at io.restassured.internal.ValidatableResponseOptionsImpl.logResponse(ValidatableResponseOptionsImpl.java:415)
	at io.restassured.internal.ValidatableResponseOptionsImpl.all(ValidatableResponseOptionsImpl.java:371)
	at com.bestbuy.bestbuyinfo.CreateProductDataDrivenTest.createMultipleProducts(CreateProductDataDrivenTest.java:36)

createMultipleProducts[17](com.bestbuy.bestbuyinfo.CreateProductDataDrivenTest)  Time elapsed: 4.071 sec  <<< ERROR!
java.lang.NullPointerException: null
	at io.restassured.internal.print.ResponsePrinter.print(ResponsePrinter.java:46)
	at io.restassured.internal.ValidatableResponseOptionsImpl.logResponse(ValidatableResponseOptionsImpl.java:423)
	at io.restassured.internal.ValidatableResponseOptionsImpl.logResponse(ValidatableResponseOptionsImpl.java:419)
	at io.restassured.internal.ValidatableResponseOptionsImpl.logResponse(ValidatableResponseOptionsImpl.java:415)
	at io.restassured.internal.ValidatableResponseOptionsImpl.all(ValidatableResponseOptionsImpl.java:371)
	at com.bestbuy.bestbuyinfo.CreateProductDataDrivenTest.createMultipleProducts(CreateProductDataDrivenTest.java:36)

createMultipleProducts[16](com.bestbuy.bestbuyinfo.CreateProductDataDrivenTest)  Time elapsed: 4.088 sec  <<< ERROR!
java.lang.NullPointerException: null
	at io.restassured.internal.print.ResponsePrinter.print(ResponsePrinter.java:46)
	at io.restassured.internal.ValidatableResponseOptionsImpl.logResponse(ValidatableResponseOptionsImpl.java:423)
	at io.restassured.internal.ValidatableResponseOptionsImpl.logResponse(ValidatableResponseOptionsImpl.java:419)
	at io.restassured.internal.ValidatableResponseOptionsImpl.logResponse(ValidatableResponseOptionsImpl.java:415)
	at io.restassured.internal.ValidatableResponseOptionsImpl.all(ValidatableResponseOptionsImpl.java:371)
	at com.bestbuy.bestbuyinfo.CreateProductDataDrivenTest.createMultipleProducts(CreateProductDataDrivenTest.java:36)

createMultipleProducts[18](com.bestbuy.bestbuyinfo.CreateProductDataDrivenTest)  Time elapsed: 4.102 sec  <<< ERROR!
java.lang.NullPointerException: null
	at io.restassured.internal.print.ResponsePrinter.print(ResponsePrinter.java:46)
	at io.restassured.internal.ValidatableResponseOptionsImpl.logResponse(ValidatableResponseOptionsImpl.java:423)
	at io.restassured.internal.ValidatableResponseOptionsImpl.logResponse(ValidatableResponseOptionsImpl.java:419)
	at io.restassured.internal.ValidatableResponseOptionsImpl.logResponse(ValidatableResponseOptionsImpl.java:415)
	at io.restassured.internal.ValidatableResponseOptionsImpl.all(ValidatableResponseOptionsImpl.java:371)
	at com.bestbuy.bestbuyinfo.CreateProductDataDrivenTest.createMultipleProducts(CreateProductDataDrivenTest.java:36)

createMultipleProducts[19](com.bestbuy.bestbuyinfo.CreateProductDataDrivenTest)  Time elapsed: 4.102 sec  <<< ERROR!
java.lang.NullPointerException: null
	at io.restassured.internal.print.ResponsePrinter.print(ResponsePrinter.java:46)
	at io.restassured.internal.ValidatableResponseOptionsImpl.logResponse(ValidatableResponseOptionsImpl.java:423)
	at io.restassured.internal.ValidatableResponseOptionsImpl.logResponse(ValidatableResponseOptionsImpl.java:419)
	at io.restassured.internal.ValidatableResponseOptionsImpl.logResponse(ValidatableResponseOptionsImpl.java:415)
	at io.restassured.internal.ValidatableResponseOptionsImpl.all(ValidatableResponseOptionsImpl.java:371)
	at com.bestbuy.bestbuyinfo.CreateProductDataDrivenTest.createMultipleProducts(CreateProductDataDrivenTest.java:36)

