<?xml version="1.0" encoding="UTF-8"?>
<testsuite name="com.bestbuy.bestbuyinfo.CreateStoreDataDrivenTest" time="211.301" tests="25" errors="0" skipped="0" failures="0">
  <properties>
[...]
</properties>
  <testcase name="createMultipleProducts[0]" classname="com.bestbuy.bestbuyinfo.CreateStoreDataDrivenTest" time="8.318"/>
  <testcase name="createMultipleProducts[19]" classname="com.bestbuy.bestbuyinfo.CreateStoreDataDrivenTest" time="8.378"/>
  <testcase name="createMultipleProducts[12]" classname="com.bestbuy.bestbuyinfo.CreateStoreDataDrivenTest" time="8.378"/>
  <testcase name="createMultipleProducts[18]" classname="com.bestbuy.bestbuyinfo.CreateStoreDataDrivenTest" time="8.378"/>
  <testcase name="createMultipleProducts[16]" classname="com.bestbuy.bestbuyinfo.CreateStoreDataDrivenTest" time="8.378"/>
  <testcase name="createMultipleProducts[14]" classname="com.bestbuy.bestbuyinfo.CreateStoreDataDrivenTest" time="8.381"/>
  <testcase name="createMultipleProducts[10]" classname="com.bestbuy.bestbuyinfo.CreateStoreDataDrivenTest" time="8.381"/>
  <testcase name="createMultipleProducts[1]" classname="com.bestbuy.bestbuyinfo.CreateStoreDataDrivenTest" time="8.383"/>
  <testcase name="createMultipleProducts[9]" classname="com.bestbuy.bestbuyinfo.CreateStoreDataDrivenTest" time="8.383"/>
  <testcase name="createMultipleProducts[8]" classname="com.bestbuy.bestbuyinfo.CreateStoreDataDrivenTest" time="8.384"/>
  <testcase name="createMultipleProducts[7]" classname="com.bestbuy.bestbuyinfo.CreateStoreDataDrivenTest" time="8.384"/>
  <testcase name="createMultipleProducts[4]" classname="com.bestbuy.bestbuyinfo.CreateStoreDataDrivenTest" time="8.384"/>
  <testcase name="createMultipleProducts[13]" classname="com.bestbuy.bestbuyinfo.CreateStoreDataDrivenTest" time="8.386"/>
  <testcase name="createMultipleProducts[20]" classname="com.bestbuy.bestbuyinfo.CreateStoreDataDrivenTest" time="8.386"/>
  <testcase name="createMultipleProducts[17]" classname="com.bestbuy.bestbuyinfo.CreateStoreDataDrivenTest" time="8.391"/>
  <testcase name="createMultipleProducts[24]" classname="com.bestbuy.bestbuyinfo.CreateStoreDataDrivenTest" time="8.394"/>
  <testcase name="createMultipleProducts[3]" classname="com.bestbuy.bestbuyinfo.CreateStoreDataDrivenTest" time="8.394"/>
  <testcase name="createMultipleProducts[5]" classname="com.bestbuy.bestbuyinfo.CreateStoreDataDrivenTest" time="8.394"/>
  <testcase name="createMultipleProducts[23]" classname="com.bestbuy.bestbuyinfo.CreateStoreDataDrivenTest" time="8.601"/>
  <testcase name="createMultipleProducts[6]" classname="com.bestbuy.bestbuyinfo.CreateStoreDataDrivenTest" time="8.612"/>
  <testcase name="createMultipleProducts[22]" classname="com.bestbuy.bestbuyinfo.CreateStoreDataDrivenTest" time="8.626"/>
  <testcase name="createMultipleProducts[11]" classname="com.bestbuy.bestbuyinfo.CreateStoreDataDrivenTest" time="8.634"/>
  <testcase name="createMultipleProducts[21]" classname="com.bestbuy.bestbuyinfo.CreateStoreDataDrivenTest" time="8.647"/>
  <testcase name="createMultipleProducts[2]" classname="com.bestbuy.bestbuyinfo.CreateStoreDataDrivenTest" time="8.658"/>
  <testcase name="createMultipleProducts[15]" classname="com.bestbuy.bestbuyinfo.CreateStoreDataDrivenTest" time="8.668"/>
</testsuite>