<?xml version="1.0" encoding="UTF-8"?>
<testsuite name="com.bestbuy.cucumber.CucumberRunner" time="0.84" tests="57" errors="0" skipped="0" failures="0">
  <properties>
[...]
</properties>
  <testcase name="Given Bestbuy Application is running in the background" classname="Scenario: Creating new product" time="0"/>
  <testcase name="When I send a POST request to to create new product" classname="Scenario: Creating new product" time="0"/>
  <testcase name="And I insert name, type, price, shipping, upc, description, manufacture, model, url, image" classname="Scenario: Creating new product" time="0"/>
  <testcase name="Then I should be able to create product successfully" classname="Scenario: Creating new product" time="0"/>
  <testcase name="And I should get product ID" classname="Scenario: Creating new product" time="0"/>
  <testcase name="Scenario: Creating new product" classname="Scenario: Creating new product" time="0.182"/>
  <testcase name="Given Bestbuy Application is running in the background" classname="Scenario: Verify product is created by getting product info by given Id" time="0"/>
  <testcase name="When I send a request to get id for newly created product" classname="Scenario: Verify product is created by getting product info by given Id" time="0"/>
  <testcase name="Then I should be able to get product detail successfully" classname="Scenario: Verify product is created by getting product info by given Id" time="0"/>
  <testcase name="Scenario: Verify product is created by getting product info by given Id" classname="Scenario: Verify product is created by getting product info by given Id" time="0.059"/>
  <testcase name="Given Bestbuy Application is running in the background" classname="Scenario: Updating newly added product detail" time="0"/>
  <testcase name="When I send a PUT request to update product detail" classname="Scenario: Updating newly added product detail" time="0"/>
  <testcase name="And I update name, type, price, shipping, upc, description, manufacture, model, url, image" classname="Scenario: Updating newly added product detail" time="0"/>
  <testcase name="Then I verify product has been updated successfully" classname="Scenario: Updating newly added product detail" time="0"/>
  <testcase name="Scenario: Updating newly added product detail" classname="Scenario: Updating newly added product detail" time="0.114"/>
  <testcase name="Given Bestbuy Application is running in the background" classname="Scenario: Deleting store by given Id" time="0"/>
  <testcase name="Given Bestbuy Application is running in the background" classname="Scenario: Deleting store by given Id" time="0"/>
  <testcase name="When I send a DELETE request to delete product" classname="Scenario: Deleting store by given Id" time="0"/>
  <testcase name="Then product detail should be deleted successfully" classname="Scenario: Deleting store by given Id" time="0"/>
  <testcase name="And I verify product has been deleted" classname="Scenario: Deleting store by given Id" time="0"/>
  <testcase name="Scenario: Deleting store by given Id" classname="Scenario: Deleting store by given Id" time="0.067"/>
  <testcase name="Scenario: Deleting store by given Id" classname="Scenario: Deleting store by given Id" time="0.082"/>
  <testcase name="Given Bestbuy Application is running in the background" classname="Scenario: CURD TEST" time="0"/>
  <testcase name="Given Bestbuy Application is running in the background" classname="Scenario: CURD TEST" time="0"/>
  <testcase name="When I send a POST request to to create new product" classname="Scenario: CURD TEST" time="0"/>
  <testcase name="And I insert name, type, price, shipping, upc, description, manufacture, model, url, image" classname="Scenario: CURD TEST" time="0"/>
  <testcase name="And I should get product ID" classname="Scenario: CURD TEST" time="0"/>
  <testcase name="And I send a request to get id for newly created product" classname="Scenario: CURD TEST" time="0"/>
  <testcase name="And I send a PUT request to update product detail" classname="Scenario: CURD TEST" time="0"/>
  <testcase name="And I update name, type, price, shipping, upc, description, manufacture, model, url, image" classname="Scenario: CURD TEST" time="0"/>
  <testcase name="And I send a DELETE request to delete product" classname="Scenario: CURD TEST" time="0"/>
  <testcase name="Then I verify product has been deleted" classname="Scenario: CURD TEST" time="0"/>
  <testcase name="Scenario: CURD TEST" classname="Scenario: CURD TEST" time="0.049"/>
  <testcase name="Scenario: CURD TEST" classname="Scenario: CURD TEST" time="0.067"/>
  <testcase name="Given Bestbuy Application is running in the background" classname="Scenario: Creating store data" time="0"/>
  <testcase name="When I send a POST request to to create new store" classname="Scenario: Creating store data" time="0"/>
  <testcase name="And User insert name, type, address, address2, city, state,zip, lat, lng, hours" classname="Scenario: Creating store data" time="0"/>
  <testcase name="Then I should be able to create store successfully" classname="Scenario: Creating store data" time="0"/>
  <testcase name="And I should get store ID" classname="Scenario: Creating store data" time="0"/>
  <testcase name="Scenario: Creating store data" classname="Scenario: Creating store data" time="0.104"/>
  <testcase name="Given Bestbuy Application is running in the background" classname="Scenario: Verify store is created by getting Store info by given Id" time="0"/>
  <testcase name="When I send a request to get id for newly created store" classname="Scenario: Verify store is created by getting Store info by given Id" time="0"/>
  <testcase name="Then I should be able to get store detail successfully" classname="Scenario: Verify store is created by getting Store info by given Id" time="0"/>
  <testcase name="Scenario: Verify store is created by getting Store info by given Id" classname="Scenario: Verify store is created by getting Store info by given Id" time="0.156"/>
  <testcase name="Given Bestbuy Application is running in the background" classname="Scenario: Updating newly added store detail" time="0"/>
  <testcase name="When I send a PUT request to update store name" classname="Scenario: Updating newly added store detail" time="0"/>
  <testcase name="Then I verify name has been updated successfully" classname="Scenario: Updating newly added store detail" time="0"/>
  <testcase name="Scenario: Updating newly added store detail" classname="Scenario: Updating newly added store detail" time="0.109"/>
  <testcase name="When I send a DELETE request" classname="Scenario: Deleting store by given Id" time="0"/>
  <testcase name="Then Store detail should be deleted successfully" classname="Scenario: Deleting store by given Id" time="0"/>
  <testcase name="And I verify store has been deleted" classname="Scenario: Deleting store by given Id" time="0"/>
  <testcase name="When User insert name, type, address, address2, city, state,zip, lat, lng, hours" classname="Scenario: CURD TEST" time="0"/>
  <testcase name="And I should get store ID" classname="Scenario: CURD TEST" time="0"/>
  <testcase name="And I send a PUT request to update store name" classname="Scenario: CURD TEST" time="0"/>
  <testcase name="And I send a DELETE request" classname="Scenario: CURD TEST" time="0"/>
  <testcase name="And Store detail should be deleted successfully" classname="Scenario: CURD TEST" time="0"/>
  <testcase name="Then I verify store has been deleted" classname="Scenario: CURD TEST" time="0"/>
</testsuite>