<?xml version="1.0" encoding="UTF-8"?>
<testsuite name="com.bestbuy.bestbuyinfo.TagsTest" time="4.076" tests="2" errors="2" skipped="0" failures="0">
  <properties>
[...]
</properties>
  <testcase name="validMethod" classname="com.bestbuy.bestbuyinfo.TagsTest" time="4.053">
    <error type="java.lang.NullPointerException:">java.lang.NullPointerException: null
	at io.restassured.internal.print.ResponsePrinter.print(ResponsePrinter.java:46)
	at io.restassured.internal.ValidatableResponseOptionsImpl.logResponse(ValidatableResponseOptionsImpl.java:423)
	at io.restassured.internal.ValidatableResponseOptionsImpl.logResponse(ValidatableResponseOptionsImpl.java:419)
	at io.restassured.internal.ValidatableResponseOptionsImpl.logResponse(ValidatableResponseOptionsImpl.java:415)
	at io.restassured.internal.ValidatableResponseOptionsImpl.all(ValidatableResponseOptionsImpl.java:371)
	at com.bestbuy.bestbuyinfo.TagsTest.validMethod(TagsTest.java:40)
</error>
    <system-err><![CDATA[49864 [main] ERROR net.serenitybdd.core.Serenity - 
           __  _____ _____ ____ _____   _____ _    ___ _     _____ ____  
  _       / / |_   _| ____/ ___|_   _| |  ___/ \  |_ _| |   | ____|  _ \ 
 (_)_____| |    | | |  _| \___ \ | |   | |_ / _ \  | || |   |  _| | | | |
  _|_____| |    | | | |___ ___) || |   |  _/ ___ \ | || |___| |___| |_| |
 (_)     | |    |_| |_____|____/ |_|   |_|/_/   \_\___|_____|_____|____/ 
          \_\                                                            

TEST FAILED WITH ERROR: This will delete Store
---------------------------------------------------------------------
49864 [main] ERROR net.serenitybdd.core.Serenity - TEST FAILED AT STEP DELETE
49864 [main] ERROR net.serenitybdd.core.Serenity - Some exception during recording fields
49868 [pool-5-thread-2] INFO net.thucydides.core.reports.json.JSONTestOutcomeReporter - Generating JSON report for Verify if the store has been added to application to file C:\Users\harsp\IdeaProjects\Serenity Cucumber\p2-sw9-bestbuy-serenity-project-harshit-patel\target\site\serenity\1cdbe8abd1e4fa78263c08b0d0f2470a3df0447b01474d8e5822339d7be222b8.json (using temp file C:\Users\harsp\IdeaProjects\Serenity Cucumber\p2-sw9-bestbuy-serenity-project-harshit-patel\target\site\serenity\1cdbe8abd1e4fa78263c08b0d0f2470a3df0447b01474d8e5822339d7be222b8.json11644112-3c90-45b9-862d-f60ee774d0aa)
49868 [pool-5-thread-3] INFO net.thucydides.core.reports.json.JSONTestOutcomeReporter - Generating JSON report for This will update store information to file C:\Users\harsp\IdeaProjects\Serenity Cucumber\p2-sw9-bestbuy-serenity-project-harshit-patel\target\site\serenity\beb1baa727f67bc7db50f32896b25c9628cb42919afd85f17ba91eb87792017d.json (using temp file C:\Users\harsp\IdeaProjects\Serenity Cucumber\p2-sw9-bestbuy-serenity-project-harshit-patel\target\site\serenity\beb1baa727f67bc7db50f32896b25c9628cb42919afd85f17ba91eb87792017d.jsona0c82938-11f2-489a-80f0-96369487c2f3)
49868 [pool-5-thread-4] INFO net.thucydides.core.reports.json.JSONTestOutcomeReporter - Generating JSON report for This will delete Store to file C:\Users\harsp\IdeaProjects\Serenity Cucumber\p2-sw9-bestbuy-serenity-project-harshit-patel\target\site\serenity\fa930aaa55d3f63514d037559813e991e4154fa2801ead45d0bbe0cc7b940562.json (using temp file C:\Users\harsp\IdeaProjects\Serenity Cucumber\p2-sw9-bestbuy-serenity-project-harshit-patel\target\site\serenity\fa930aaa55d3f63514d037559813e991e4154fa2801ead45d0bbe0cc7b940562.json8e5b0305-5152-490b-9b13-9135234dbbd5)
49868 [pool-5-thread-1] INFO net.thucydides.core.reports.json.JSONTestOutcomeReporter - Generating JSON report for This will create new store to file C:\Users\harsp\IdeaProjects\Serenity Cucumber\p2-sw9-bestbuy-serenity-project-harshit-patel\target\site\serenity\8b243bd6dd33784a84aa50bae30dc8055ffc3741073c02f2c7ab5c2e5a3673bb.json (using temp file C:\Users\harsp\IdeaProjects\Serenity Cucumber\p2-sw9-bestbuy-serenity-project-harshit-patel\target\site\serenity\8b243bd6dd33784a84aa50bae30dc8055ffc3741073c02f2c7ab5c2e5a3673bb.jsonb79d5ab3-5c12-4e56-9f2c-436a66618653)
49892 [pool-6-thread-1] INFO net.thucydides.core.reports.html.HtmlAcceptanceTestReporter - GENERATING HTML REPORT FOR Store CURD test:test001 in 8b243bd6dd33784a84aa50bae30dc8055ffc3741073c02f2c7ab5c2e5a3673bb.html in directory target\site\serenity  
49892 [pool-6-thread-4] INFO net.thucydides.core.reports.html.HtmlAcceptanceTestReporter - GENERATING HTML REPORT FOR Store CURD test:test004 in fa930aaa55d3f63514d037559813e991e4154fa2801ead45d0bbe0cc7b940562.html in directory target\site\serenity  
49892 [pool-6-thread-2] INFO net.thucydides.core.reports.html.HtmlAcceptanceTestReporter - GENERATING HTML REPORT FOR Store CURD test:test002 in 1cdbe8abd1e4fa78263c08b0d0f2470a3df0447b01474d8e5822339d7be222b8.html in directory target\site\serenity  
49893 [pool-6-thread-3] INFO net.thucydides.core.reports.html.HtmlAcceptanceTestReporter - GENERATING HTML REPORT FOR Store CURD test:test003 in beb1baa727f67bc7db50f32896b25c9628cb42919afd85f17ba91eb87792017d.html in directory target\site\serenity  
49915 [main] INFO net.serenitybdd.core.Serenity - Test Suite Started: Tags test
49916 [main] INFO net.serenitybdd.core.Serenity - 
 _____ _____ ____ _____   ____ _____  _    ____ _____ _____ ____  
|_   _| ____/ ___|_   _| / ___|_   _|/ \  |  _ \_   _| ____|  _ \ 
  | | |  _| \___ \ | |   \___ \ | | / _ \ | |_) || | |  _| | | | |
  | | | |___ ___) || |    ___) || |/ ___ \|  _ < | | | |___| |_| |
  |_| |_____|____/ |_|   |____/ |_/_/   \_\_| \_\|_| |_____|____/ 
                                                                  

TEST STARTED: validMethod
-------------------------------------------------------------------
49916 [main] INFO net.serenitybdd.core.Serenity - TEST NUMBER: 29
]]></system-err>
  </testcase>
  <testcase name="invalidMethod" classname="com.bestbuy.bestbuyinfo.TagsTest" time="0.023">
    <error type="java.lang.NullPointerException:">java.lang.NullPointerException: null
	at io.restassured.internal.print.ResponsePrinter.print(ResponsePrinter.java:46)
	at io.restassured.internal.ValidatableResponseOptionsImpl.logResponse(ValidatableResponseOptionsImpl.java:423)
	at io.restassured.internal.ValidatableResponseOptionsImpl.logResponse(ValidatableResponseOptionsImpl.java:419)
	at io.restassured.internal.ValidatableResponseOptionsImpl.logResponse(ValidatableResponseOptionsImpl.java:415)
	at io.restassured.internal.ValidatableResponseOptionsImpl.all(ValidatableResponseOptionsImpl.java:371)
	at com.bestbuy.bestbuyinfo.TagsTest.invalidMethod(TagsTest.java:26)
</error>
    <system-err><![CDATA[54018 [main] ERROR net.serenitybdd.core.Serenity - 
           __  _____ _____ ____ _____   _____ _    ___ _     _____ ____  
  _       / / |_   _| ____/ ___|_   _| |  ___/ \  |_ _| |   | ____|  _ \ 
 (_)_____| |    | | |  _| \___ \ | |   | |_ / _ \  | || |   |  _| | | | |
  _|_____| |    | | | |___ ___) || |   |  _/ ___ \ | || |___| |___| |_| |
 (_)     | |    |_| |_____|____/ |_|   |_|/_/   \_\___|_____|_____|____/ 
          \_\                                                            

TEST FAILED WITH ERROR: Provide a status code when incorrect HTTP method is used to across resource
---------------------------------------------------------------------
54018 [main] ERROR net.serenitybdd.core.Serenity - TEST FAILED AT STEP GET
54018 [main] ERROR net.serenitybdd.core.Serenity - Some exception during recording fields
54019 [main] INFO net.serenitybdd.core.Serenity - 
 _____ _____ ____ _____   ____ _____  _    ____ _____ _____ ____  
|_   _| ____/ ___|_   _| / ___|_   _|/ \  |  _ \_   _| ____|  _ \ 
  | | |  _| \___ \ | |   \___ \ | | / _ \ | |_) || | |  _| | | | |
  | | | |___ ___) || |    ___) || |/ ___ \|  _ < | | | |___| |_| |
  |_| |_____|____/ |_|   |____/ |_/_/   \_\_| \_\|_| |_____|____/ 
                                                                  

TEST STARTED: invalidMethod
-------------------------------------------------------------------
54019 [main] INFO net.serenitybdd.core.Serenity - TEST NUMBER: 30
]]></system-err>
  </testcase>
</testsuite>