<?xml version="1.0" encoding="UTF-8"?><testsuite errors="0" failures="0" name="com.bestbuy.bestbuyinfo.StoreCURDTest" skipped="0" tests="4" time="1.73" timestamp="2023-01-10T21:48:22.215Z[Europe/London]"><testcase classname="com.bestbuy.bestbuyinfo.StoreCURDTest" name="This will create new store"/><testcase classname="com.bestbuy.bestbuyinfo.StoreCURDTest" name="Verify if the store has been added to application"/><testcase classname="com.bestbuy.bestbuyinfo.StoreCURDTest" name="This will update store information"/><testcase classname="com.bestbuy.bestbuyinfo.StoreCURDTest" name="This will delete Store"/></testsuite>